\BOOKMARK [-1][]{ctitle.-1}{\376\377\171\373\122\250\177\121\176\334\116\055\116\244\116\222\166\364\144\255\166\204\116\073\144\255\172\357\000\040\117\040\217\223\117\030\123\026}{}% 1
\BOOKMARK [0][]{thuchapter.1.0}{\376\377\144\130\000\040\211\201}{ctitle.-1}% 2
\BOOKMARK [0][]{thuchapter.2.0}{\376\377\000A\000b\000s\000t\000r\000a\000c\000t}{ctitle.-1}% 3
\BOOKMARK [0][]{thuchapter.3.0}{\376\377\166\356\000\040\137\125}{ctitle.-1}% 4
\BOOKMARK [0][]{thuchapter.4.0}{\376\377\116\073\211\201\173\046\123\367\133\371\161\147\210\150}{ctitle.-1}% 5
\BOOKMARK [0][]{chapter.1}{\376\377\173\054\0001\172\340\000\040\176\352\213\272}{ctitle.-1}% 6
\BOOKMARK [1][-]{section.1.1}{\376\377\0001\000.\0001\000\040\213\376\230\230\170\024\172\166\200\314\146\157}{chapter.1}% 7
\BOOKMARK [1][-]{section.1.2}{\376\377\0001\000.\0002\000\040\116\073\211\201\170\024\172\166\166\356\150\007\124\214\215\041\163\056}{chapter.1}% 8
\BOOKMARK [1][-]{section.1.3}{\376\377\0001\000.\0003\000\040\145\207\172\340\176\304\176\307\147\266\147\204}{chapter.1}% 9
\BOOKMARK [0][]{chapter.2}{\376\377\173\054\0002\172\340\000\040\170\024\172\166\163\260\162\266\151\202\217\360}{ctitle.-1}% 10
\BOOKMARK [1][-]{section.2.1}{\376\377\0002\000.\0001\000\040\166\364\144\255\117\040\217\223\117\030\123\026\170\024\172\166\163\260\162\266}{chapter.2}% 11
\BOOKMARK [2][-]{subsection.2.1.1}{\376\377\0002\000.\0001\000.\0001\000\040\166\364\144\255\123\321\134\125\163\260\162\266}{section.2.1}% 12
\BOOKMARK [2][-]{subsection.2.1.2}{\376\377\0002\000.\0001\000.\0002\000\040\166\364\144\255\123\117\213\256\170\024\172\166\163\260\162\266}{section.2.1}% 13
\BOOKMARK [1][-]{section.2.2}{\376\377\0002\000.\0002\000\040\170\001\163\207\201\352\220\002\136\224\170\024\172\166\163\260\162\266}{chapter.2}% 14
\BOOKMARK [1][-]{section.2.3}{\376\377\0002\000.\0003\000\040\116\244\116\222\166\364\144\255\166\204\140\047\200\375\211\201\154\102}{chapter.2}% 15
\BOOKMARK [1][-]{section.2.4}{\376\377\0002\000.\0004\000\040\147\054\172\340\134\017\176\323}{chapter.2}% 16
\BOOKMARK [0][]{chapter.3}{\376\377\173\054\0003\172\340\000\040\116\073\144\255\172\357\166\204\211\306\230\221\215\050\221\317\225\356\230\230}{ctitle.-1}% 17
\BOOKMARK [1][-]{section.3.1}{\376\377\0003\000.\0001\000\040\166\364\144\255\174\373\176\337\147\266\147\204}{chapter.3}% 18
\BOOKMARK [1][-]{section.3.2}{\376\377\0003\000.\0002\000\040\116\073\144\255\172\357\140\047\200\375\155\113\221\317}{chapter.3}% 19
\BOOKMARK [2][-]{subsection.3.2.1}{\376\377\0003\000.\0002\000.\0001\000\040\150\110\117\213\122\006\147\220\377\032\136\046\133\275\142\226\122\250\133\374\201\364\117\040\217\223\215\050\221\317\135\356}{section.3.2}% 20
\BOOKMARK [2][-]{subsection.3.2.2}{\376\377\0003\000.\0002\000.\0002\000\040\136\046\133\275\142\226\122\250\166\204\146\156\220\115\140\047}{section.3.2}% 21
\BOOKMARK [2][-]{subsection.3.2.3}{\376\377\0003\000.\0002\000.\0003\000\040\125\106\116\032\136\163\123\360\232\214\213\301}{section.3.2}% 22
\BOOKMARK [1][-]{section.3.3}{\376\377\0003\000.\0003\000\040\147\054\215\050\123\237\126\340\217\375\156\257}{chapter.3}% 23
\BOOKMARK [1][-]{section.3.4}{\376\377\0003\000.\0004\000\040\147\054\172\340\134\017\176\323}{chapter.3}% 24
\BOOKMARK [0][]{chapter.4}{\376\377\173\054\0004\172\340\000\040\171\373\122\250\177\121\176\334\116\055\116\073\144\255\172\357\117\040\217\223\117\030\123\026\145\271\150\110\213\276\213\241}{ctitle.-1}% 25
\BOOKMARK [1][-]{section.4.1}{\376\377\0004\000.\0001\000\040\117\030\123\026\172\172\225\364}{chapter.4}% 26
\BOOKMARK [1][-]{section.4.2}{\376\377\0004\000.\0002\000\040\000G\000o\000P\166\204\147\000\117\030\220\011\142\351}{chapter.4}% 27
\BOOKMARK [1][-]{section.4.3}{\376\377\0004\000.\0003\000\040\146\172\200\375\116\042\136\047\173\126\165\145}{chapter.4}% 28
\BOOKMARK [2][-]{subsection.4.3.1}{\376\377\0004\000.\0003\000.\0001\000\040\116\042\136\047\173\126\165\145\136\372\152\041}{section.4.3}% 29
\BOOKMARK [2][-]{subsection.4.3.2}{\376\377\0004\000.\0003\000.\0002\000\040\124\057\123\321\137\017\173\227\154\325}{section.4.3}% 30
\BOOKMARK [1][-]{section.4.4}{\376\377\0004\000.\0004\000\040\201\352\220\002\136\224\170\001\163\207}{chapter.4}% 31
\BOOKMARK [2][-]{subsection.4.4.1}{\376\377\0004\000.\0004\000.\0001\000\040\122\250\140\001\170\001\163\207\136\372\152\041}{section.4.4}% 32
\BOOKMARK [2][-]{subsection.4.4.2}{\376\377\0004\000.\0004\000.\0002\000\040\124\057\123\321\137\017\122\250\140\001\170\001\163\207\173\227\154\325}{section.4.4}% 33
\BOOKMARK [1][-]{section.4.5}{\376\377\0004\000.\0005\000\040\147\054\172\340\134\017\176\323}{chapter.4}% 34
\BOOKMARK [0][]{chapter.5}{\376\377\173\054\0005\172\340\000\040\173\227\154\325\133\236\163\260\124\214\140\047\200\375\213\304\117\060}{ctitle.-1}% 35
\BOOKMARK [1][-]{section.5.1}{\376\377\0005\000.\0001\000\040\147\000\117\163\000G\000O\000P}{chapter.5}% 36
\BOOKMARK [1][-]{section.5.2}{\376\377\0005\000.\0002\000\040\146\172\200\375\116\042\136\047\173\126\165\145}{chapter.5}% 37
\BOOKMARK [2][-]{subsection.5.2.1}{\376\377\0005\000.\0002\000.\0001\000\040\146\172\200\375\116\042\136\047\173\126\165\145\166\204\133\236\163\260}{section.5.2}% 38
\BOOKMARK [2][-]{subsection.5.2.2}{\376\377\0005\000.\0002\000.\0002\000\040\116\042\136\047\173\126\165\145\166\204\145\110\147\234\213\304\117\060}{section.5.2}% 39
\BOOKMARK [1][-]{section.5.3}{\376\377\0005\000.\0003\000\040\201\352\220\002\136\224\170\001\163\207\173\227\154\325}{chapter.5}% 40
\BOOKMARK [2][-]{subsection.5.3.1}{\376\377\0005\000.\0003\000.\0001\000\040\201\352\220\002\136\224\170\001\163\207\173\227\154\325\133\236\163\260}{section.5.3}% 41
\BOOKMARK [2][-]{subsection.5.3.2}{\376\377\0005\000.\0003\000.\0002\000\040\170\001\163\207\201\352\220\002\136\224\173\227\154\325\145\110\147\234\213\304\117\060}{section.5.3}% 42
\BOOKMARK [1][-]{section.5.4}{\376\377\0005\000.\0004\000\040\147\054\172\340\134\017\176\323}{chapter.5}% 43
\BOOKMARK [0][]{chapter.6}{\376\377\173\054\0006\172\340\000\040\140\073\176\323\124\214\134\125\147\033}{ctitle.-1}% 44
\BOOKMARK [1][-]{section.6.1}{\376\377\0006\000.\0001\000\040\213\272\145\207\135\345\117\134\140\073\176\323}{chapter.6}% 45
\BOOKMARK [1][-]{section.6.2}{\376\377\0006\000.\0002\000\040\147\052\147\145\135\345\117\134\134\125\147\033}{chapter.6}% 46
\BOOKMARK [0][]{section*.39}{\376\377\123\302\200\003\145\207\163\056}{ctitle.-1}% 47
\BOOKMARK [0][]{section*.41}{\376\377\201\364\000\040\214\042}{ctitle.-1}% 48
\BOOKMARK [0][]{section*.43}{\376\377\130\360\000\040\146\016}{ctitle.-1}% 49
\BOOKMARK [0][]{section*.45}{\376\377\116\052\116\272\173\200\123\206\060\001\127\050\133\146\147\037\225\364\123\321\210\150\166\204\133\146\147\057\213\272\145\207\116\016\170\024\172\166\142\020\147\234}{ctitle.-1}% 50
